1587402022344	mozrunner::runner	INFO	Running command: "C:\\Program Files\\Mozilla Firefox\\firefox.exe" "-marionette" "-headless" "-foreground" "-no-remote" "-profile" "C:\\Users\\Dell\\AppData\\Local\\Temp\\rust_mozprofiler8W03R"
1587402027075	mozrunner::runner	INFO	Running command: "C:\\Program Files\\Mozilla Firefox\\firefox.exe" "-marionette" "-headless" "-foreground" "-no-remote" "-profile" "C:\\Users\\Dell\\AppData\\Local\\Temp\\ru1587402028363	addons.webextension.screenshots@mozilla.org	WARN	Loading extension 'screenshots@mozilla.org': Reading manifest: Invalid extension permission: mozillaAddons
1587402028363	addons.webextension.screenshots@mozilla.org	WA1587402029719	addons.webextension.screenshots@mozilla.org	WARN	Loading extension 'screenshots@mozilla.org': Reading manifest: Invalid extension permission: mozillaAddons
1587402029719	addons.webextension.screenshots@mozilla.org	WARN	Loading extension 'screenshots@mozilla.org': Reading manifest: Invalid extension permission: telemetry
1587402029720	addons.webextension.screenshots@mozilla.org	WARN	Loading extension 'screenshots@mozilla.org': Reading JavaScript error: resource://gre/modules/XULStore.jsm, line 66: Error: Can't find profile directory.
console.error: "Could not write session state file " (new Error("_initWorker called too early! Please read the session file from disk first.", "resource:///modules/sessionstore/SessionFile.jsm", 375)) "_initWorker/<@resource:///mod1587402042127	Marionette	INFO	Listening on port 56015
1587402042550	Marionette	WARN	TLS certificate errors will be ignored for this session
JavaScript error: https://www.publicstorage.com/self-storage-search?location=21230, line 261: ReferenceError: _satellite is not defined
JavaScript warning: https://mapixl.com/scripts/pixlv2.min.js, line 1: Error: WebGL warning: <Create>: Can't use WebGL in headless mode (https://bugzil.la/1375585).
JavaScript warning: https://mapixl.com/scripts/pixlv2.min.js, line 1: Error: Failed to create WebGL context: WebGL creation failed: 
* Can't use WebGL in headless mode (https://bugzil.la/1375585).
JavaScript warning: https://mapixl.com/scripts/pixlv2.min.js, line 1: Error: WebGL warning: <Create>: Can't use WebGL in headless mode (https://bugzil.laJavaScript error: resource://gre/modules/XULStore.jsm, line 66: Error: Can't find profile directory.
1587402512598	Marionette	INFO	Stopped listening on port 56001
n headless mode (https://bugzil.la/1375585).
JavaScript warning: https://mapixl.com/scripts/pixlv2.min.js, line 1: Error: WebGL warning: <Create>: Can't use WebGL in headless mode (https://bugzil.la/1375585).
JavaScript warning: https://mapixl.com/scripts/pixlv2.min.js, line 1: Error: Failed to create WebGL context: WebGL creation failed: 
* Can't use WebGL in headless mode (https://bugzil.la/1375585).
JavaScript warning: https://mapixl.com/scripts/pixlv2.min.js, line 1: Error: WebGL warning: <Create>: Can't use WebGL in headless mode (https://bugzil.la/1375585).
JavaScript warning: https://mapixl.com/scripts/pixlv2.min.js, line 1: Error: Failed to create WebGL context: WebGL creation failed: 
* Can't use WebGL in headless mode (https://bugzil.la/1375585).
JavaScript error: https://www.publicstorage.com/self-storage-md-baltimore/1387?sp=1387|1|21230|39.26352|-76.62394|0|0|0, line 324: ReferenceError: ReactDOM is not defined
JavaScript error: https://www.publicstorage.com/self-storage-md-baltimore/1387?sp=1387|1|21230|39.26352|-76.62394|0|0|0, line 326: ReferenceError: ReactDOM is not defined
JavaScript error: https://www.publicstorage.com/self-storage-md-baltimore/1387?sp=1387|1|21230|39.26352|-76.62394|0|0|0, line 339: ReferenceError: ReactDOM is not defined
JavaScript error: https://www.publicstorage.com/self-storage-md-baltimore/1387?sp=1387|1|21230|39.26352|-76.62394|0|0|0, line 341: ReferenceError: ReactDOM is not defined
JavaScript error: , line 0: TypeError: ServiceWorker script at https://www.publicstorage.com/assets2019/sw.js for scope https://www.publicstorage.com/assets2019/ threw an exception during script evaluation.
JavaScript error: resource://gre/modules/XULStore.jsm, line 66: Error: Can't find profile directory.
1587402504234	Marionette	INFO	Stopped listening on port 56015
1587403547643	mozrunner::runner	INFO	Running command: "C:\\Program Files\\Mozilla Firefox\\firefox.exe" "-marionette" "-headless" "-foreground" "-no-remote" "-profile" "C:\\Users\\Dell\\AppData\\Local\\Temp\\rust_mozprofileEbpgS2"
*** You are running in headless mode.
1587403556218	addons.webextension.doh-rollout@mozilla.org	WARN	Loading extension 'doh-rollout@mozilla.org': Reading manifest: Invalid extension permission: networkStatus
1587403558221	addons.webextension.screenshots@mozilla.org	WARN	Loading extension 'screenshots@mozilla.org': Reading manifest: Invalid extension permission: mozillaAddons
1587403558221	addons.webextension.screenshots@mozilla.org	WARN	Loading extension 'screenshots@mozilla.org': Reading manifest: Invalid extension permission: telemetry
1587403558222	addons.webextension.screenshots@mozilla.org	WARN	Loading extension 'screenshots@mozilla.org': Reading manifest: Invalid extension permission: resource://pdf.js/
1587403558222	addons.webextension.screenshots@mozilla.org	WARN	Loading extension 'screenshots@mozilla.org': Reading manifest: Invalid extension permission: about:reader*
JavaScript error: resource://gre/modules/XULStore.jsm, line 66: Error: Can't find profile directory.
1587403569621	Marionette	INFO	Listening on port 56660
1587403570457	Marionette	WARN	TLS certificate errors will be ignored for this session
JavaScript error: https://www.publicstorage.com/self-storage-search?location=21230, line 261: ReferenceError: _satellite is not defined
JavaScript warning: https://mapixl.com/scripts/pixlv2.min.js, line 1: Error: WebGL warning: <Create>: Can't use WebGL in headless mode (https://bugzil.la/1375585).
JavaScript warning: https://mapixl.com/scripts/pixlv2.min.js, line 1: Error: Failed to create WebGL context: WebGL creation failed: 
* Can't use WebGL in headless mode (https://bugzil.la/1375585).
JavaScript warning: https://mapixl.com/scripts/pixlv2.min.js, line 1: Error: WebGL warning: <Create>: Can't use WebGL in headless mode (https://bugzil.la/1375585).
JavaScript warning: https://mapixl.com/scripts/pixlv2.min.js, line 1: Error: Failed to create WebGL context: WebGL creation failed: 
* Can't use WebGL in headless mode (https://bugzil.la/1375585).
JavaScript warning: https://mapixl.com/scripts/pixlv2.min.js, line 1: Error: WebGL warning: <Create>: Can't use WebGL in headless mode (https://bugzil.la/1375585).
JavaScript warning: https://mapixl.com/scripts/pixlv2.min.js, line 1: Error: Failed to create WebGL context: WebGL creation failed: 
* Can't use WebGL in headless mode (https://bugzil.la/1375585).
JavaScript warning: https://mapixl.com/scripts/pixlv2.min.js, line 1: Error: WebGL warning: <Create>: Can't use WebGL in headless mode (https://bugzil.la/1375585).
JavaScript warning: https://mapixl.com/scripts/pixlv2.min.js, line 1: Error: Failed to create WebGL context: WebGL creation failed: 
* Can't use WebGL in headless mode (https://bugzil.la/1375585).
JavaScript error: https://www.publicstorage.com/self-storage-md-baltimore/1387?sp=1387|1|21230|39.26352|-76.62394|0|0|0, line 402: ReferenceError: _satellite is not defined
JavaScript error: https://www.publicstorage.com/self-storage-md-baltimore/1203?sp=1203|2|21230|39.26352|-76.62394|0|0|0, line 402: ReferenceError: _satellite is not defined
JavaScript error: https://www.publicstorage.com/self-storage-md-baltimore/1378?sp=1378|3|21230|39.26352|-76.62394|0|0|0, line 407: ReferenceError: _satellite is not defined
JavaScript error: https://www.publicstorage.com/self-storage-md-baltimore/1276?sp=1276|4|21230|39.26352|-76.62394|0|0|0, line 403: ReferenceError: _satellite is not defined
JavaScript error: https://www.publicstorage.com/self-storage-md-baltimore/1173?sp=1173|5|21230|39.26352|-76.62394|0|0|0, line 406: ReferenceError: _satellite is not defined
JavaScript error: https://www.publicstorage.com/self-storage-md-glen-burnie/1363?sp=1363|6|21230|39.26352|-76.62394|0|0|0, line 408: ReferenceError: _satellite is not defined
JavaScript error: https://www.publicstorage.com/self-storage-md-baltimore/1398?sp=1398|7|21230|39.26352|-76.62394|0|0|0, line 406: ReferenceError: _satellite is not defined
JavaScript error: https://www.publicstorage.com/self-storage-md-dundalk/1362?sp=1362|9|21230|39.26352|-76.62394|0|0|0, line 401: ReferenceError: _satellite is not defined
JavaScript error: https://www.publicstorage.com/self-storage-md-baltimore/1271?sp=1271|10|21230|39.26352|-76.62394|0|0|0, line 400: ReferenceError: _satellite is not defined
JavaScript error: https://www.publicstorage.com/self-storage-md-parkville/1388?sp=1388|11|21230|39.26352|-76.62394|0|0|0, line 400: ReferenceError: _satellite is not defined
JavaScript error: https://www.publicstorage.com/self-storage-md-pasadena/1465?sp=1465|12|21230|39.26352|-76.62394|0|0|0, line 403: ReferenceError: _satellite is not defined
JavaScript error: https://www.publicstorage.com/self-storage-md-elkridge/1211?sp=1211|13|21230|39.26352|-76.62394|0|0|0, line 400: ReferenceError: _satellite is not defined
JavaScript error: https://www.publicstorage.com/self-storage-md-millersville/1437?sp=1437|14|21230|39.26352|-76.62394|0|0|0, line 398: ReferenceError: _satellite is not defined
JavaScript error: https://www.publicstorage.com/self-storage-md-randallstown/1366?sp=1366|15|21230|39.26352|-76.62394|0|0|0, line 400: ReferenceError: _satellite is not defined
JavaScript error: https://www.publicstorage.com/self-storage-md-owings-mills/1757?sp=1757|16|21230|39.26352|-76.62394|0|0|0, line 405: ReferenceError: _satellite is not defined
JavaScript error: https://www.publicstorage.com/self-storage-md-owings-mills/2474?sp=2474|17|21230|39.26352|-76.62394|0|0|0, line 403: ReferenceError: _satellite is not defined
JavaScript error: https://www.publicstorage.com/self-storage-md-owings-mills/1593?sp=1593|18|21230|39.26352|-76.62394|0|0|0, line 402: ReferenceError: _satellite is not defined
JavaScript error: https://www.publicstorage.com/self-storage-md-laurel/1471?sp=1471|19|21230|39.26352|-76.62394|0|0|0, line 404: ReferenceError: _satellite is not defined
JavaScript error: https://www.publicstorage.com/self-storage-search?location=20745, line 241: ReferenceError: _satellite is not defined
JavaScript error: https://www.publicstorage.com/self-storage-md-oxon-hill/1338?sp=1338|1|20745|38.80378|-76.99311|0|0|0, line 403: ReferenceError: _satellite is not defined
JavaScript error: https://www.publicstorage.com/self-storage-md-fort-washington/1754?sp=1754|2|20745|38.80378|-76.99311|0|0|0, line 398: ReferenceError: _satellite is not defined
JavaScript error: https://www.publicstorage.com/self-storage-va-alexandria/1958?sp=1958|3|20745|38.80378|-76.99311|0|0|0, line 400: ReferenceError: _satellite is not defined
JavaScript error: https://www.publicstorage.com/self-storage-md-suitland/1421?sp=1421|4|20745|38.80378|-76.99311|0|0|0, line 407: ReferenceError: _satellite is not defined
JavaScript error: https://www.publicstorage.com/self-storage-md-suitland/1750?sp=1750|5|20745|38.80378|-76.99311|0|0|0, line 408: ReferenceError: _satellite is not defined
JavaScript error: https://www.publicstorage.com/self-storage-dc-washington/1081?sp=1081|6|20745|38.80378|-76.99311|0|0|0, line 405: ReferenceError: _satellite is not defined
JavaScript error: https://www.publicstorage.com/self-storage-va-arlington/1040?sp=1040|7|20745|38.80378|-76.99311|0|0|0, line 403: ReferenceError: _satellite is not defined
JavaScript error: https://www.publicstorage.com/self-storage-md-clinton/1307?sp=1307|8|20745|38.80378|-76.99311|0|0|0, line 405: ReferenceError: _satellite is not defined
JavaScript error: https://www.publicstorage.com/self-storage-md-clinton/1418?sp=1418|9|20745|38.80378|-76.99311|0|0|0, line 399: ReferenceError: _satellite is not defined
JavaScript error: https://www.publicstorage.com/self-storage-va-alexandria/1828?sp=1828|10|20745|38.80378|-76.99311|0|0|0, line 406: ReferenceError: _satellite is not defined
JavaScript error: https://www.publicstorage.com/self-storage-va-alexandria/1825?sp=1825|11|20745|38.80378|-76.99311|0|0|0, line 399: ReferenceError: _satellite is not defined
JavaScript error: https://www.publicstorage.com/self-storage-search?location=20710, line 241: ReferenceError: _satellite is not defined
JavaScript error: https://www.publicstorage.com/self-storage-md-hyattsville/1356?sp=1356|1|20710|38.93824|-76.93262|0|0|0, line 406: ReferenceError: _satellite is not defined
JavaScript error: https://www.publicstorage.com/self-storage-md-hyattsville/1432?sp=1432|2|20710|38.93824|-76.93262|0|0|0, line 402: ReferenceError: _satellite is not defined
JavaScript error: https://www.publicstorage.com/self-storage-md-hyattsville/2464?sp=2464|3|20710|38.93824|-76.93262|0|0|0, line 406: ReferenceError: _satellite is not defined
JavaScript error: https://www.publicstorage.com/self-storage-md-hyattsville/1445?sp=1445|4|20710|38.93824|-76.93262|0|0|0, line 399: ReferenceError: _satellite is not defined
JavaScript error: https://www.publicstorage.com/self-storage-dc-washington/2195?sp=2195|5|20710|38.93824|-76.93262|0|0|0, line 402: ReferenceError: _satellite is not defined
JavaScript error: https://www.publicstorage.com/self-storage-md-cheverly/1431?sp=1431|6|20710|38.93824|-76.93262|0|0|0, line 400: ReferenceError: _satellite is not defined
JavaScript error: https://www.publicstorage.com/self-storage-md-capitol-heights/1352?sp=1352|7|20710|38.93824|-76.93262|0|0|0, line 405: ReferenceError: _satellite is not defined
JavaScript error: https://www.publicstorage.com/self-storage-dc-washington/1081?sp=1081|8|20710|38.93824|-76.93262|0|0|0, line 405: ReferenceError: _satellite is not defined
JavaScript error: https://www.publicstorage.com/self-storage-md-silver-spring/1392?sp=1392|9|20710|38.93824|-76.93262|0|0|0, line 403: ReferenceError: _satellite is not defined
JavaScript error: https://www.publicstorage.com/self-storage-search?location=32114, line 241: ReferenceError: _satellite is not defined
JavaScript error: https://www.publicstorage.com/self-storage-fl-daytona-beach/191?sp=191|1|32114|29.1988|-81.04234|0|0|0, line 395: ReferenceError: _satellite is not defined
JavaScript error: https://www.publicstorage.com/self-storage-fl-daytona-beach/2149?sp=2149|2|32114|29.1988|-81.04234|0|0|0, line 398: ReferenceError: _satellite is not defined
JavaScript error: https://www.publicstorage.com/self-storage-fl-south-daytona/2529?sp=2529|3|32114|29.1988|-81.04234|0|0|0, line 398: ReferenceError: _satellite is not defined
JavaScript error: https://www.publicstorage.com/self-storage-fl-ormond-beach/2148?sp=2148|4|32114|29.1988|-81.04234|0|0|0, line 400: ReferenceError: _satellite is not defined
JavaScript error: https://www.publicstorage.com/self-storage-fl-debary/2445?sp=2445|5|32114|29.1988|-81.04234|0|0|0, line 398: ReferenceError: _satellite is not defined
JavaScript error: https://www.publicstorage.com/self-storage-search?location=00501, line 241: ReferenceError: _satellite is not defined
JavaScript error: https://www.publicstorage.com/self-storage-ny-farmingville/1521?sp=1521|1|00501|40.81793|-73.04531|0|0|0, line 401: ReferenceError: _satellite is not defined
JavaScript error: https://www.publicstorage.com/self-storage-ny-lake-ronkonkoma/1214?sp=1214|2|00501|40.81793|-73.04531|0|0|0, line 402: ReferenceError: _satellite is not defined
JavaScript error: https://www.publicstorage.com/self-storage-ny-patchogue/1208?sp=1208|3|00501|40.81793|-73.04531|0|0|0, line 399: ReferenceError: _satellite is not defined
JavaScript error: https://www.publicstorage.com/self-storage-ny-coram/1292?sp=1292|4|00501|40.81793|-73.04531|0|0|0, line 400: ReferenceError: _satellite is not defined
JavaScript error: https://www.publicstorage.com/self-storage-ny-nesconset/1220?sp=1220|5|00501|40.81793|-73.04531|0|0|0, line 400: ReferenceError: _satellite is not defined
JavaScript error: https://www.publicstorage.com/self-storage-ny-nesconset/1949?sp=1949|6|00501|40.81793|-73.04531|0|0|0, line 401: ReferenceError: _satellite is not defined
JavaScript error: https://www.publicstorage.com/self-storage-ny-middle-island/5308?sp=5308|7|00501|40.81793|-73.04531|0|0|0, line 417: ReferenceError: _satellite is not defined
JavaScript error: https://www.publicstorage.com/self-storage-ny-mount-sinai/1198?sp=1198|8|00501|40.81793|-73.04531|0|0|0, line 405: ReferenceError: _satellite is not defined
JavaScript error: https://www.publicstorage.com/self-storage-ny-miller-place/1639?sp=1639|9|00501|40.81793|-73.04531|0|0|0, line 404: ReferenceError: _satellite is not defined
JavaScript error: https://www.publicstorage.com/self-storage-ny-bay-shore/1333?sp=1333|10|00501|40.81793|-73.04531|0|0|0, line 403: ReferenceError: _satellite is not defined
JavaScript error: https://www.publicstorage.com/self-storage-ny-commack/1948?sp=1948|11|00501|40.81793|-73.04531|0|0|0, line 408: ReferenceError: _satellite is not defined
JavaScript error: https://www.publicstorage.com/self-storage-ny-northport/1191?sp=1191|12|00501|40.81793|-73.04531|0|0|0, line 403: ReferenceError: _satellite is not defined
JavaScript error: https://www.publicstorage.com/self-storage-ny-west-babylon/1368?sp=1368|13|00501|40.81793|-73.04531|0|0|0, line 406: ReferenceError: _satellite is not defined
JavaScript error: https://www.publicstorage.com/self-storage-ny-melville/1785?sp=1785|14|00501|40.81793|-73.04531|0|0|0, line 414: ReferenceError: _satellite is not defined
JavaScript error: https://www.publicstorage.com/self-storage-ny-farmingdale/1321?sp=1321|15|00501|40.81793|-73.04531|0|0|0, line 408: ReferenceError: _satellite is not defined
JavaScript error: https://www.publicstorage.com/self-storage-ny-farmingdale/1396?sp=1396|16|00501|40.81793|-73.04531|0|0|0, line 400: ReferenceError: _satellite is not defined
JavaScript error: https://www.publicstorage.com/self-storage-ny-bethpage/1952?sp=1952|17|00501|40.81793|-73.04531|0|0|0, line 410: ReferenceError: _satellite is not defined
JavaScript error: https://www.publicstorage.com/self-storage-ct-fairfield/976?sp=976|18|00501|40.81793|-73.04531|0|0|0, line 403: ReferenceError: _satellite is not defined
JavaScript error: https://www.publicstorage.com/self-storage-ct-norwalk/985?sp=985|19|00501|40.81793|-73.04531|0|0|0, line 402: ReferenceError: _satellite is not defined
JavaScript error: https://www.publicstorage.com/self-storage-search?location=00544, line 261: ReferenceError: _satellite is not defined
JavaScript error: https://www.publicstorage.com/self-storage-ny-farmingville/1521?sp=1521|1|00544|40.81727|-73.04597|0|0|0, line 401: ReferenceError: _satellite is not defined
JavaScript error: https://www.publicstorage.com/self-storage-ny-patchogue/1208?sp=1208|2|00544|40.81727|-73.04597|0|0|0, line 399: ReferenceError: _satellite is not defined
JavaScript error: https://www.publicstorage.com/self-storage-ny-lake-ronkonkoma/1214?sp=1214|3|00544|40.81727|-73.04597|0|0|0, line 402: ReferenceError: _satellite is not defined
JavaScript error: https://www.publicstorage.com/self-storage-ny-coram/1292?sp=1292|4|00544|40.81727|-73.04597|0|0|0, line 400: ReferenceError: _satellite is not defined
JavaScript error: https://www.publicstorage.com/self-storage-ny-nesconset/1949?sp=1949|5|00544|40.81727|-73.04597|0|0|0, line 399: ReferenceError: _satellite is not defined
JavaScript error: https://www.publicstorage.com/self-storage-ny-nesconset/1220?sp=1220|6|00544|40.81727|-73.04597|0|0|0, line 400: ReferenceError: _satellite is not defined
JavaScript error: https://www.publicstorage.com/self-storage-ny-middle-island/5308?sp=5308|7|00544|40.81727|-73.04597|0|0|0, line 417: ReferenceError: _satellite is not defined
JavaScript error: https://www.publicstorage.com/self-storage-ny-mount-sinai/1198?sp=1198|8|00544|40.81727|-73.04597|0|0|0, line 405: ReferenceError: _satellite is not defined
JavaScript error: https://www.publicstorage.com/self-storage-ny-miller-place/1639?sp=1639|9|00544|40.81727|-73.04597|0|0|0, line 404: ReferenceError: _satellite is not defined
JavaScript error: https://www.publicstorage.com/self-storage-ny-bay-shore/1333?sp=1333|10|00544|40.81727|-73.04597|0|0|0, line 403: ReferenceError: _satellite is not defined
JavaScript error: https://www.publicstorage.com/self-storage-ny-commack/1948?sp=1948|11|00544|40.81727|-73.04597|0|0|0, line 408: ReferenceError: _satellite is not defined
JavaScript error: https://www.publicstorage.com/self-storage-ny-northport/1191?sp=1191|12|00544|40.81727|-73.04597|0|0|0, line 403: ReferenceError: _satellite is not defined
JavaScript error: https://www.publicstorage.com/self-storage-ny-west-babylon/1368?sp=1368|13|00544|40.81727|-73.04597|0|0|0, line 406: ReferenceError: _satellite is not defined
JavaScript error: https://www.publicstorage.com/self-storage-ny-melville/1785?sp=1785|14|00544|40.81727|-73.04597|0|0|0, line 414: ReferenceError: _satellite is not defined
JavaScript error: https://www.publicstorage.com/self-storage-ny-farmingdale/1321?sp=1321|15|00544|40.81727|-73.04597|0|0|0, line 408: ReferenceError: _satellite is not defined
JavaScript error: https://www.publicstorage.com/self-storage-ny-farmingdale/1396?sp=1396|16|00544|40.81727|-73.04597|0|0|0, line 402: ReferenceError: _satellite is not defined
JavaScript error: https://www.publicstorage.com/self-storage-ny-bethpage/1952?sp=1952|17|00544|40.81727|-73.04597|0|0|0, line 410: ReferenceError: _satellite is not defined
JavaScript error: https://www.publicstorage.com/self-storage-ny-bethpage/1291?sp=1291|18|00544|40.81727|-73.04597|0|0|0, line 413: ReferenceError: _satellite is not defined
JavaScript error: https://www.publicstorage.com/self-storage-ct-fairfield/976?sp=976|19|00544|40.81727|-73.04597|0|0|0, line 403: ReferenceError: _satellite is not defined
JavaScript error: https://www.publicstorage.com/self-storage-ct-norwalk/985?sp=985|20|00544|40.81727|-73.04597|0|0|0, line 404: ReferenceError: _satellite is not defined
JavaScript error: https://www.publicstorage.com/self-storage-search?location=06390, line 241: ReferenceError: _satellite is not defined
JavaScript error: https://www.publicstorage.com/self-storage-ri-cranston/1067?sp=1067|1|06390|41.7516|-71.44952|0|0|0, line 395: ReferenceError: _satellite is not defined
JavaScript error: https://www.publicstorage.com/self-storage-ri-cranston/2298?sp=2298|2|06390|41.7516|-71.44952|0|0|0, line 402: ReferenceError: _satellite is not defined
JavaScript error: https://www.publicstorage.com/self-storage-ri-north-providence/897?sp=897|3|06390|41.7516|-71.44952|0|0|0, line 395: ReferenceError: _satellite is not defined
JavaScript error: https://www.publicstorage.com/self-storage-search?location=10001, line 241: ReferenceError: _satellite is not defined
JavaScript error: https://www.publicstorage.com/self-storage-nj-hoboken/1595?sp=1595|1|10001|40.75368|-73.99916|0|0|0, line 402: ReferenceError: _satellite is not defined
JavaScript error: https://www.publicstorage.com/self-storage-ny-new-york/5307?sp=5307|2|10001|40.75368|-73.99916|0|0|0, line 396: ReferenceError: _satellite is not defined
JavaScript error: https://www.publicstorage.com/self-storage-nj-jersey-city/2600?sp=2600|3|10001|40.75368|-73.99916|0|0|0, line 427: ReferenceError: _satellite is not defined
JavaScript error: https://www.publicstorage.com/self-storage-ny-long-island-city/1781?sp=1781|4|10001|40.75368|-73.99916|0|0|0, line 408: ReferenceError: _satellite is not defined
JavaScript error: https://www.publicstorage.com/self-storage-ny-long-island-city/1782?sp=1782|5|10001|40.75368|-73.99916|0|0|0, line 407: ReferenceError: _satellite is not defined
JavaScript error: https://www.publicstorage.com/self-storage-ny-brooklyn/1783?sp=1783|6|10001|40.75368|-73.99916|0|0|0, line 397: ReferenceError: _satellite is not defined
JavaScript error: https://www.publicstorage.com/self-storage-ny-long-island-city/1524?sp=1524|7|10001|40.75368|-73.99916|0|0|0, line 403: ReferenceError: _satellite is not defined
JavaScript error: https://www.publicstorage.com/self-storage-ny-brooklyn/1265?sp=1265|8|10001|40.75368|-73.99916|0|0|0, line 398: ReferenceError: _satellite is not defined
JavaScript error: https://www.publicstorage.com/self-storage-ny-woodside/1266?sp=1266|9|10001|40.75368|-73.99916|0|0|0, line 403: ReferenceError: _satellite is not defined
JavaScript error: https://www.publicstorage.com/self-storage-ny-bronx/2279?sp=2279|10|10001|40.75368|-73.99916|0|0|0, line 431: ReferenceError: _satellite is not defined
JavaScript error: https://www.publicstorage.com/self-storage-ny-bronx/2252?sp=2252|11|10001|40.75368|-73.99916|0|0|0, line 438: ReferenceError: _satellite is not defined
JavaScript error: https://www.publicstorage.com/self-storage-ny-brooklyn/1390?sp=1390|12|10001|40.75368|-73.99916|0|0|0, line 410: ReferenceError: _satellite is not defined
JavaScript error: https://www.publicstorage.com/self-storage-ny-bronx/5332?sp=5332|13|10001|40.75368|-73.99916|0|0|0, line 399: ReferenceError: _satellite is not defined
JavaScript error: https://www.publicstorage.com/self-storage-ny-brooklyn/2269?sp=2269|14|10001|40.75368|-73.99916|0|0|0, line 405: ReferenceError: _satellite is not defined
JavaScript error: https://www.publicstorage.com/self-storage-search?location=10002, line 241: ReferenceError: _satellite is not defined
JavaScript error: https://www.publicstorage.com/self-storage-ny-new-york/5307?sp=5307|1|10002|40.71351|-73.98594|0|0|0, line 395: ReferenceError: _satellite is not defined
JavaScript error: https://www.publicstorage.com/self-storage-ny-brooklyn/1783?sp=1783|2|10002|40.71351|-73.98594|0|0|0, line 397: ReferenceError: _satellite is not defined
JavaScript error: https://www.publicstorage.com/self-storage-ny-brooklyn/1265?sp=1265|3|10002|40.71351|-73.98594|0|0|0, line 398: ReferenceError: _satellite is not defined
JavaScript error: https://www.publicstorage.com/self-storage-nj-jersey-city/2600?sp=2600|4|10002|40.71351|-73.98594|0|0|0, line 427: ReferenceError: _satellite is not defined
JavaScript error: https://www.publicstorage.com/self-storage-ny-long-island-city/1781?sp=1781|5|10002|40.71351|-73.98594|0|0|0, line 408: ReferenceError: _satellite is not defined
JavaScript error: https://www.publicstorage.com/self-storage-nj-hoboken/1595?sp=1595|6|10002|40.71351|-73.98594|0|0|0, line 402: ReferenceError: _satellite is not defined
JavaScript error: https://www.publicstorage.com/self-storage-ny-brooklyn/1390?sp=1390|7|10002|40.71351|-73.98594|0|0|0, line 410: ReferenceError: _satellite is not defined
JavaScript error: https://www.publicstorage.com/self-storage-ny-long-island-city/1782?sp=1782|8|10002|40.71351|-73.98594|0|0|0, line 407: ReferenceError: _satellite is not defined
JavaScript error: https://www.publicstorage.com/self-storage-ny-long-island-city/1524?sp=1524|9|10002|40.71351|-73.98594|0|0|0, line 403: ReferenceError: _satellite is not defined
JavaScript error: https://www.publicstorage.com/self-storage-ny-brooklyn/5379?sp=5379|10|10002|40.71351|-73.98594|0|0|0, line 406: ReferenceError: _satellite is not defined
JavaScript error: https://www.publicstorage.com/self-storage-ny-brooklyn/2269?sp=2269|11|10002|40.71351|-73.98594|0|0|0, line 405: ReferenceError: _satellite is not defined
JavaScript error: https://www.publicstorage.com/self-storage-ny-woodside/1266?sp=1266|12|10002|40.71351|-73.98594|0|0|0, line 401: ReferenceError: _satellite is not defined
JavaScript error: https://www.publicstorage.com/self-storage-ny-brooklyn/1386?sp=1386|13|10002|40.71351|-73.98594|0|0|0, line 413: ReferenceError: _satellite is not defined
JavaScript error: https://www.publicstorage.com/self-storage-ny-brooklyn/1784?sp=1784|14|10002|40.71351|-73.98594|0|0|0, line 404: ReferenceError: _satellite is not defined
JavaScript error: https://www.publicstorage.com/self-storage-search?location=10003, line 241: ReferenceError: _satellite is not defined
JavaScript error: https://www.publicstorage.com/self-storage-ny-new-york/5307?sp=5307|1|10003|40.73225|-73.98741|0|0|0, line 395: ReferenceError: _satellite is not defined
JavaScript error: https://www.publicstorage.com/self-storage-ny-brooklyn/1783?sp=1783|2|10003|40.73225|-73.98741|0|0|0, line 397: ReferenceError: _satellite is not defined
JavaScript error: https://www.publicstorage.com/self-storage-nj-hoboken/1595?sp=1595|3|10003|40.73225|-73.98741|0|0|0, line 402: ReferenceError: _satellite is not defined
JavaScript error: https://www.publicstorage.com/self-storage-ny-long-island-city/1781?sp=1781|4|10003|40.73225|-73.98741|0|0|0, line 408: ReferenceError: _satellite is not defined
JavaScript error: https://www.publicstorage.com/self-storage-ny-brooklyn/1265?sp=1265|5|10003|40.73225|-73.98741|0|0|0, line 398: ReferenceError: _satellite is not defined
JavaScript error: https://www.publicstorage.com/self-storage-nj-jersey-city/2600?sp=2600|6|10003|40.73225|-73.98741|0|0|0, line 429: ReferenceError: _satellite is not defined
JavaScript error: https://www.publicstorage.com/self-storage-ny-long-island-city/1782?sp=1782|7|10003|40.73225|-73.98741|0|0|0, line 407: ReferenceError: _satellite is not defined
JavaScript error: https://www.publicstorage.com/self-storage-ny-long-island-city/1524?sp=1524|8|10003|40.73225|-73.98741|0|0|0, line 404: ReferenceError: _satellite is not defined
JavaScript error: https://www.publicstorage.com/self-storage-ny-brooklyn/1390?sp=1390|9|10003|40.73225|-73.98741|0|0|0, line 410: ReferenceError: _satellite is not defined
JavaScript error: https://www.publicstorage.com/self-storage-ny-woodside/1266?sp=1266|10|10003|40.73225|-73.98741|0|0|0, line 401: ReferenceError: _satellite is not defined
JavaScript error: https://www.publicstorage.com/self-storage-ny-brooklyn/2269?sp=2269|11|10003|40.73225|-73.98741|0|0|0, line 405: ReferenceError: _satellite is not defined
JavaScript error: https://www.publicstorage.com/self-storage-ny-bronx/2252?sp=2252|12|10003|40.73225|-73.98741|0|0|0, line 438: ReferenceError: _satellite is not defined
JavaScript error: https://www.publicstorage.com/self-storage-search?location=10004, line 241: ReferenceError: _satellite is not defined
JavaScript error: https://www.publicstorage.com/self-storage-ny-brooklyn/1783?sp=1783|1|10004|40.70387|-74.01385|0|0|0, line 397: ReferenceError: _satellite is not defined
JavaScript error: https://www.publicstorage.com/self-storage-ny-new-york/5307?sp=5307|2|10004|40.70387|-74.01385|0|0|0, line 395: ReferenceError: _satellite is not defined
JavaScript error: https://www.publicstorage.com/self-storage-nj-jersey-city/2600?sp=2600|3|10004|40.70387|-74.01385|0|0|0, line 429: ReferenceError: _satellite is not defined
JavaScript error: https://www.publicstorage.com/self-storage-ny-brooklyn/1265?sp=1265|4|10004|40.70387|-74.01385|0|0|0, line 398: ReferenceError: _satellite is not defined
JavaScript error: https://www.publicstorage.com/self-storage-nj-hoboken/1595?sp=1595|5|10004|40.70387|-74.01385|0|0|0, line 402: ReferenceError: _satellite is not defined
JavaScript error: https://www.publicstorage.com/self-storage-ny-brooklyn/5379?sp=5379|6|10004|40.70387|-74.01385|0|0|0, line 406: ReferenceError: _satellite is not defined
JavaScript error: https://www.publicstorage.com/self-storage-ny-brooklyn/1390?sp=1390|7|10004|40.70387|-74.01385|0|0|0, line 410: ReferenceError: _satellite is not defined
JavaScript error: https://www.publicstorage.com/self-storage-ny-long-island-city/1781?sp=1781|8|10004|40.70387|-74.01385|0|0|0, line 408: ReferenceError: _satellite is not defined
JavaScript error: https://www.publicstorage.com/self-storage-ny-long-island-city/1782?sp=1782|9|10004|40.70387|-74.01385|0|0|0, line 407: ReferenceError: _satellite is not defined
JavaScript error: https://www.publicstorage.com/self-storage-ny-long-island-city/1524?sp=1524|10|10004|40.70387|-74.01385|0|0|0, line 402: ReferenceError: _satellite is not defined
JavaScript error: https://www.publicstorage.com/self-storage-ny-brooklyn/1784?sp=1784|11|10004|40.70387|-74.01385|0|0|0, line 404: ReferenceError: _satellite is not defined
JavaScript error: https://www.publicstorage.com/self-storage-ny-brooklyn/1386?sp=1386|12|10004|40.70387|-74.01385|0|0|0, line 413: ReferenceError: _satellite is not defined
JavaScript error: https://www.publicstorage.com/self-storage-search?location=10005, line 241: ReferenceError: _satellite is not defined
JavaScript error: https://www.publicstorage.com/self-storage-ny-new-york/5307?sp=5307|1|10005|40.70644|-74.00945|0|0|0, line 395: ReferenceError: _satellite is not defined
JavaScript error: https://www.publicstorage.com/self-storage-ny-brooklyn/1783?sp=1783|2|10005|40.70644|-74.00945|0|0|0, line 397: ReferenceError: _satellite is not defined
JavaScript error: https://www.publicstorage.com/self-storage-nj-jersey-city/2600?sp=2600|3|10005|40.70644|-74.00945|0|0|0, line 427: ReferenceError: _satellite is not defined
JavaScript error: https://www.publicstorage.com/self-storage-ny-brooklyn/1265?sp=1265|4|10005|40.70644|-74.00945|0|0|0, line 398: ReferenceError: _satellite is not defined
JavaScript error: https://www.publicstorage.com/self-storage-nj-hoboken/1595?sp=1595|5|10005|40.70644|-74.00945|0|0|0, line 402: ReferenceError: _satellite is not defined
JavaScript error: https://www.publicstorage.com/self-storage-ny-brooklyn/5379?sp=5379|6|10005|40.70644|-74.00945|0|0|0, line 406: ReferenceError: _satellite is not defined
JavaScript error: https://www.publicstorage.com/self-storage-ny-brooklyn/1390?sp=1390|7|10005|40.70644|-74.00945|0|0|0, line 410: ReferenceError: _satellite is not defined
JavaScript error: https://www.publicstorage.com/self-storage-ny-long-island-city/1781?sp=1781|8|10005|40.70644|-74.00945|0|0|0, line 408: ReferenceError: _satellite is not defined
JavaScript error: https://www.publicstorage.com/self-storage-ny-long-island-city/1782?sp=1782|9|10005|40.70644|-74.00945|0|0|0, line 409: ReferenceError: _satellite is not defined
JavaScript error: https://www.publicstorage.com/self-storage-ny-long-island-city/1524?sp=1524|10|10005|40.70644|-74.00945|0|0|0, line 402: ReferenceError: _satellite is not defined
JavaScript error: https://www.publicstorage.com/self-storage-ny-brooklyn/1784?sp=1784|11|10005|40.70644|-74.00945|0|0|0, line 404: ReferenceError: _satellite is not defined
JavaScript error: https://www.publicstorage.com/self-storage-ny-brooklyn/1386?sp=1386|12|10005|40.70644|-74.00945|0|0|0, line 413: ReferenceError: _satellite is not defined
JavaScript error: https://www.publicstorage.com/self-storage-ny-woodside/1266?sp=1266|13|10005|40.70644|-74.00945|0|0|0, line 403: ReferenceError: _satellite is not defined
JavaScript error: https://www.publicstorage.com/self-storage-search?location=10006, line 241: ReferenceError: _satellite is not defined
JavaScript error: https://www.publicstorage.com/self-storage-ny-new-york/5307?sp=5307|1|10006|40.70933|-74.01312|0|0|0, line 397: ReferenceError: _satellite is not defined
JavaScript error: https://www.publicstorage.com/self-storage-nj-jersey-city/2600?sp=2600|2|10006|40.70933|-74.01312|0|0|0, line 427: ReferenceError: _satellite is not defined
JavaScript error: https://www.publicstorage.com/self-storage-ny-brooklyn/1783?sp=1783|3|10006|40.70933|-74.01312|0|0|0, line 397: ReferenceError: _satellite is not defined
JavaScript error: https://www.publicstorage.com/self-storage-ny-brooklyn/1265?sp=1265|4|10006|40.70933|-74.01312|0|0|0, line 398: ReferenceError: _satellite is not defined
JavaScript error: https://www.publicstorage.com/self-storage-nj-hoboken/1595?sp=1595|5|10006|40.70933|-74.01312|0|0|0, line 404: ReferenceError: _satellite is not defined
JavaScript error: https://www.publicstorage.com/self-storage-ny-brooklyn/5379?sp=5379|6|10006|40.70933|-74.01312|0|0|0, line 406: ReferenceError: _satellite is not defined
JavaScript error: https://www.publicstorage.com/self-storage-ny-brooklyn/1390?sp=1390|7|10006|40.70933|-74.01312|0|0|0, line 410: ReferenceError: _satellite is not defined
JavaScript error: https://www.publicstorage.com/self-storage-ny-long-island-city/1781?sp=1781|8|10006|40.70933|-74.01312|0|0|0, line 408: ReferenceError: _satellite is not defined
JavaScript error: https://www.publicstorage.com/self-storage-ny-long-island-city/1782?sp=1782|9|10006|40.70933|-74.01312|0|0|0, line 407: ReferenceError: _satellite is not defined
JavaScript error: https://www.publicstorage.com/self-storage-ny-long-island-city/1524?sp=1524|10|10006|40.70933|-74.01312|0|0|0, line 402: ReferenceError: _satellite is not defined
JavaScript error: https://www.publicstorage.com/self-storage-ny-brooklyn/1784?sp=1784|11|10006|40.70933|-74.01312|0|0|0, line 404: ReferenceError: _satellite is not defined
JavaScript error: https://www.publicstorage.com/self-storage-ny-brooklyn/1386?sp=1386|12|10006|40.70933|-74.01312|0|0|0, line 413: ReferenceError: _satellite is not defined
JavaScript error: https://www.publicstorage.com/self-storage-search?location=10007, line 241: ReferenceError: _satellite is not defined
JavaScript error: https://www.publicstorage.com/self-storage-ny-new-york/5307?sp=5307|1|10007|40.71365|-74.00871|0|0|0, line 395: ReferenceError: _satellite is not defined
JavaScript error: https://www.publicstorage.com/self-storage-nj-jersey-city/2600?sp=2600|2|10007|40.71365|-74.00871|0|0|0, line 427: ReferenceError: _satellite is not defined
JavaScript error: https://www.publicstorage.com/self-storage-ny-brooklyn/1783?sp=1783|3|10007|40.71365|-74.00871|0|0|0, line 397: ReferenceError: _satellite is not defined
JavaScript error: https://www.publicstorage.com/self-storage-nj-hoboken/1595?sp=1595|4|10007|40.71365|-74.00871|0|0|0, line 402: ReferenceError: _satellite is not defined
1587444878756	mozrunner::runner	INFO	Running command: "C:\\Program Files\\Mozilla Firefox\\firefox.exe" "-marionette" "-headless" "-foreground" "-no-remote" "-profile" "C:\\Users\\Dell\\AppData\\Local\\Temp\\rust_mozprofiletJ1qcj"
*** You are running in headless mode.
1587444884675	addons.webextension.doh-rollout@mozilla.org	WARN	Loading extension 'doh-rollout@mozilla.org': Reading manifest: Invalid extension permission: networkStatus
1587444886555	addons.webextension.screenshots@mozilla.org	WARN	Loading extension 'screenshots@mozilla.org': Reading manifest: Invalid extension permission: mozillaAddons
1587444886556	addons.webextension.screenshots@mozilla.org	WARN	Loading extension 'screenshots@mozilla.org': Reading manifest: Invalid extension permission: telemetry
1587444886556	addons.webextension.screenshots@mozilla.org	WARN	Loading extension 'screenshots@mozilla.org': Reading manifest: Invalid extension permission: resource://pdf.js/
1587444886556	addons.webextension.screenshots@mozilla.org	WARN	Loading extension 'screenshots@mozilla.org': Reading manifest: Invalid extension permission: about:reader*
JavaScript error: resource://gre/modules/XULStore.jsm, line 66: Error: Can't find profile directory.

###!!! [Child][MessageChannel] Error: (msgtype=0x370130,name=PContent::Msg_AsyncMessage) Channel closing: too late to send/recv, messages will be lost

1587444894446	Marionette	INFO	Listening on port 58665
1587444895167	Marionette	WARN	TLS certificate errors will be ignored for this session
1587445469406	mozrunner::runner	INFO	Running command: "C:\\Program Files\\Mozilla Firefox\\firefox.exe" "-marionette" "-headless" "-foreground" "-no-remote" "-profile" "C:\\Users\\Dell\\AppData\\Local\\Temp\\rust_mozprofileHgC0Zp"
*** You are running in headless mode.
1587445470571	addons.webextension.doh-rollout@mozilla.org	WARN	Loading extension 'doh-rollout@mozilla.org': Reading manifest: Invalid extension permission: networkStatus
1587445471821	addons.webextension.screenshots@mozilla.org	WARN	Loading extension 'screenshots@mozilla.org': Reading manifest: Invalid extension permission: mozillaAddons
1587445471822	addons.webextension.screenshots@mozilla.org	WARN	Loading extension 'screenshots@mozilla.org': Reading manifest: Invalid extension permission: telemetry
1587445471822	addons.webextension.screenshots@mozilla.org	WARN	Loading extension 'screenshots@mozilla.org': Reading manifest: Invalid extension permission: resource://pdf.js/
1587445471822	addons.webextension.screenshots@mozilla.org	WARN	Loading extension 'screenshots@mozilla.org': Reading manifest: Invalid extension permission: about:reader*
JavaScript error: resource://gre/modules/XULStore.jsm, line 66: Error: Can't find profile directory.
1587445474961	Marionette	INFO	Listening on port 58867
1587445475131	Marionette	WARN	TLS certificate errors will be ignored for this session
1587445615402	mozrunner::runner	INFO	Running command: "C:\\Program Files\\Mozilla Firefox\\firefox.exe" "-marionette" "-headless" "-foreground" "-no-remote" "-profile" "C:\\Users\\Dell\\AppData\\Local\\Temp\\rust_mozprofiley8lAer"
*** You are running in headless mode.
1587445616502	addons.webextension.doh-rollout@mozilla.org	WARN	Loading extension 'doh-rollout@mozilla.org': Reading manifest: Invalid extension permission: networkStatus
1587445617808	addons.webextension.screenshots@mozilla.org	WARN	Loading extension 'screenshots@mozilla.org': Reading manifest: Invalid extension permission: mozillaAddons
1587445617808	addons.webextension.screenshots@mozilla.org	WARN	Loading extension 'screenshots@mozilla.org': Reading manifest: Invalid extension permission: telemetry
1587445617809	addons.webextension.screenshots@mozilla.org	WARN	Loading extension 'screenshots@mozilla.org': Reading manifest: Invalid extension permission: resource://pdf.js/
1587445617809	addons.webextension.screenshots@mozilla.org	WARN	Loading extension 'screenshots@mozilla.org': Reading manifest: Invalid extension permission: about:reader*
JavaScript error: resource://gre/modules/XULStore.jsm, line 66: Error: Can't find profile directory.
1587445620737	Marionette	INFO	Listening on port 58975
1587445621115	Marionette	WARN	TLS certificate errors will be ignored for this session
1587468686884	mozrunner::runner	INFO	Running command: "C:\\Program Files\\Mozilla Firefox\\firefox.exe" "-marionette" "-headless" "-foreground" "-no-remote" "-profile" "C:\\Users\\Dell\\AppData\\Local\\Temp\\rust_mozprofile0l7csq"
*** You are running in headless mode.
1587468690847	addons.webextension.doh-rollout@mozilla.org	WARN	Loading extension 'doh-rollout@mozilla.org': Reading manifest: Invalid extension permission: networkStatus
1587468692434	addons.webextension.screenshots@mozilla.org	WARN	Loading extension 'screenshots@mozilla.org': Reading manifest: Invalid extension permission: mozillaAddons
1587468692434	addons.webextension.screenshots@mozilla.org	WARN	Loading extension 'screenshots@mozilla.org': Reading manifest: Invalid extension permission: telemetry
1587468692434	addons.webextension.screenshots@mozilla.org	WARN	Loading extension 'screenshots@mozilla.org': Reading manifest: Invalid extension permission: resource://pdf.js/
1587468692434	addons.webextension.screenshots@mozilla.org	WARN	Loading extension 'screenshots@mozilla.org': Reading manifest: Invalid extension permission: about:reader*
JavaScript error: resource://gre/modules/XULStore.jsm, line 66: Error: Can't find profile directory.
1587468699198	Marionette	INFO	Listening on port 53823
1587468699427	Marionette	WARN	TLS certificate errors will be ignored for this session
1587468825600	mozrunner::runner	INFO	Running command: "C:\\Program Files\\Mozilla Firefox\\firefox.exe" "-marionette" "-headless" "-foreground" "-no-remote" "-profile" "C:\\Users\\Dell\\AppData\\Local\\Temp\\rust_mozprofileadVxZP"
*** You are running in headless mode.
1587468827064	addons.webextension.doh-rollout@mozilla.org	WARN	Loading extension 'doh-rollout@mozilla.org': Reading manifest: Invalid extension permission: networkStatus
1587468828540	addons.webextension.screenshots@mozilla.org	WARN	Loading extension 'screenshots@mozilla.org': Reading manifest: Invalid extension permission: mozillaAddons
1587468828541	addons.webextension.screenshots@mozilla.org	WARN	Loading extension 'screenshots@mozilla.org': Reading manifest: Invalid extension permission: telemetry
1587468828541	addons.webextension.screenshots@mozilla.org	WARN	Loading extension 'screenshots@mozilla.org': Reading manifest: Invalid extension permission: resource://pdf.js/
1587468828541	addons.webextension.screenshots@mozilla.org	WARN	Loading extension 'screenshots@mozilla.org': Reading manifest: Invalid extension permission: about:reader*
JavaScript error: resource://gre/modules/XULStore.jsm, line 66: Error: Can't find profile directory.
1587468830985	Marionette	INFO	Listening on port 54030
1587468831315	Marionette	WARN	TLS certificate errors will be ignored for this session
1587482569931	mozrunner::runner	INFO	Running command: "C:\\Program Files\\Mozilla Firefox\\firefox.exe" "-marionette" "-headless" "-foreground" "-no-remote" "-profile" "C:\\Users\\Dell\\AppData\\Local\\Temp\\rust_mozprofilerKjSb1"
*** You are running in headless mode.
1587482574243	addons.webextension.doh-rollout@mozilla.org	WARN	Loading extension 'doh-rollout@mozilla.org': Reading manifest: Invalid extension permission: networkStatus
1587482575428	addons.webextension.screenshots@mozilla.org	WARN	Loading extension 'screenshots@mozilla.org': Reading manifest: Invalid extension permission: mozillaAddons
1587482575429	addons.webextension.screenshots@mozilla.org	WARN	Loading extension 'screenshots@mozilla.org': Reading manifest: Invalid extension permission: telemetry
1587482575429	addons.webextension.screenshots@mozilla.org	WARN	Loading extension 'screenshots@mozilla.org': Reading manifest: Invalid extension permission: resource://pdf.js/
1587482575429	addons.webextension.screenshots@mozilla.org	WARN	Loading extension 'screenshots@mozilla.org': Reading manifest: Invalid extension permission: about:reader*
JavaScript error: resource://gre/modules/XULStore.jsm, line 66: Error: Can't find profile directory.
1587482580325	Marionette	INFO	Listening on port 56099
1587482580424	Marionette	WARN	TLS certificate errors will be ignored for this session
1587533511856	mozrunner::runner	INFO	Running command: "C:\\Program Files\\Mozilla Firefox\\firefox.exe" "-marionette" "-headless" "-foreground" "-no-remote" "-profile" "C:\\Users\\Dell\\AppData\\Local\\Temp\\rust_mozprofileeUgDUS"
*** You are running in headless mode.
1587533516474	addons.webextension.doh-rollout@mozilla.org	WARN	Loading extension 'doh-rollout@mozilla.org': Reading manifest: Invalid extension permission: networkStatus
1587533517715	addons.webextension.screenshots@mozilla.org	WARN	Loading extension 'screenshots@mozilla.org': Reading manifest: Invalid extension permission: mozillaAddons
1587533517715	addons.webextension.screenshots@mozilla.org	WARN	Loading extension 'screenshots@mozilla.org': Reading manifest: Invalid extension permission: telemetry
1587533517715	addons.webextension.screenshots@mozilla.org	WARN	Loading extension 'screenshots@mozilla.org': Reading manifest: Invalid extension permission: resource://pdf.js/
1587533517715	addons.webextension.screenshots@mozilla.org	WARN	Loading extension 'screenshots@mozilla.org': Reading manifest: Invalid extension permission: about:reader*
